<?xml version="1.0" encoding="UTF-8"?>
<!-- Generated by org.testng.reporters.JUnitXMLReporter -->
<testsuite ignored="0" hostname="LH026127" failures="0" tests="3" name="Default test" time="26.991" errors="0" timestamp="26 Aug 2019 18:27:02 GMT">
  <testcase classname="ca.gc.pch.test.nomenclature.testcases.BrowsePageTest" name="browsePageTitle" time="0.084"/>
  <testcase classname="ca.gc.pch.test.nomenclature.testcases.BrowsePageTest" name="browsePageDefaultLanguage" time="0.064"/>
  <testcase classname="ca.gc.pch.test.nomenclature.testcases.BrowsePageTest" name="subTreeOrder" time="2.622"/>
</testsuite> <!-- Default test -->
