<?xml version="1.0" encoding="UTF-8"?>
<!-- Generated by org.testng.reporters.JUnitXMLReporter -->
<testsuite ignored="0" hostname="LH026127" failures="0" tests="3" name="Nomenclature App Test Cases" time="33.993" errors="0" timestamp="27 Aug 2019 17:26:39 GMT">
  <testcase classname="ca.gc.pch.test.nomenclature.testcases.BrowsePageTest" name="browsePageTitle" time="0.121"/>
  <testcase classname="ca.gc.pch.test.nomenclature.testcases.BrowsePageTest" name="browsePageDefaultLanguage" time="0.097"/>
  <testcase classname="ca.gc.pch.test.nomenclature.testcases.BrowsePageTest" name="subTreeOrder" time="3.208"/>
</testsuite> <!-- Nomenclature App Test Cases -->
