<?xml version="1.0" encoding="UTF-8"?>
<!-- Generated by org.testng.reporters.JUnitXMLReporter -->
<testsuite ignored="0" hostname="LH026127" failures="2" tests="15" name="Nomenclature App Test Cases" time="445.143" errors="0" timestamp="29 Aug 2019 17:46:32 GMT">
  <testcase classname="ca.gc.pch.test.nomenclature.testcases.BrowsePageTest" name="chairFRTest" time="4.376"/>
  <testcase classname="ca.gc.pch.test.nomenclature.testcases.BrowsePageTest" name="languageToggleFRTest" time="2.483"/>
  <testcase classname="ca.gc.pch.test.nomenclature.testcases.BrowsePageTest" name="browsePageFRLinksTest" time="175.244">
    <failure type="java.lang.AssertionError" message="ERROR: Found Broken Links expected [false] but found [true]">
      <![CDATA[java.lang.AssertionError: ERROR: Found Broken Links expected [false] but found [true]
at ca.gc.pch.test.nomenclature.testcases.BrowsePageTest.browsePageFRLinksTest(BrowsePageTest.java:197)
... Removed 28 stack frames]]>
    </failure>
  </testcase> <!-- browsePageFRLinksTest -->
  <testcase classname="ca.gc.pch.test.nomenclature.testcases.BrowsePageTest" name="chairENTest" time="4.718"/>
  <testcase classname="ca.gc.pch.test.nomenclature.testcases.BrowsePageTest" name="chairThumbNailTest" time="3.729"/>
  <testcase classname="ca.gc.pch.test.nomenclature.testcases.BrowsePageTest" name="languageToggleENTest" time="1.301"/>
  <testcase classname="ca.gc.pch.test.nomenclature.testcases.BrowsePageTest" name="sortingWithAccentTest" time="3.078"/>
  <testcase classname="ca.gc.pch.test.nomenclature.testcases.BrowsePageTest" name="termPreferencesTest" time="0.001"/>
  <testcase classname="ca.gc.pch.test.nomenclature.testcases.BrowsePageTest" name="browsePageLinksTest" time="162.862">
    <failure type="java.lang.AssertionError" message="ERROR: Found Broken Links expected [false] but found [true]">
      <![CDATA[java.lang.AssertionError: ERROR: Found Broken Links expected [false] but found [true]
at ca.gc.pch.test.nomenclature.testcases.BrowsePageTest.browsePageLinksTest(BrowsePageTest.java:188)
... Removed 28 stack frames]]>
    </failure>
  </testcase> <!-- browsePageLinksTest -->
  <testcase classname="ca.gc.pch.test.nomenclature.testcases.BrowsePageTest" name="browsePageTitleTest" time="0.011"/>
  <testcase classname="ca.gc.pch.test.nomenclature.testcases.BrowsePageTest" name="browsePageDefaultLanguageTest" time="0.067"/>
  <testcase classname="ca.gc.pch.test.nomenclature.testcases.BrowsePageTest" name="browsePageDefaultTermOrderTest" time="0.068"/>
  <testcase classname="ca.gc.pch.test.nomenclature.testcases.BrowsePageTest" name="browsePageDefaultLinguisticVariantTest" time="0.055"/>
  <testcase classname="ca.gc.pch.test.nomenclature.testcases.BrowsePageTest" name="categoriesOrder" time="0.389"/>
  <testcase classname="ca.gc.pch.test.nomenclature.testcases.BrowsePageTest" name="subTreeOrder" time="2.606"/>
</testsuite> <!-- Nomenclature App Test Cases -->
