<?xml version="1.0" encoding="UTF-8"?>
<testng-results skipped="0" failed="0" ignored="0" total="3" passed="3">
  <reporter-output>
  </reporter-output>
  <suite name="ca.gc.pch.test.nomenclature.testcases.BrowsePageTest" duration-ms="34061" started-at="2019-08-28T16:58:28Z" finished-at="2019-08-28T16:59:03Z">
    <groups>
    </groups>
    <test name="Command line test" duration-ms="34061" started-at="2019-08-28T16:58:28Z" finished-at="2019-08-28T16:59:03Z">
      <class name="ca.gc.pch.test.nomenclature.testcases.BrowsePageTest">
        <test-method status="PASS" signature="setUp()[pri:0, instance:ca.gc.pch.test.nomenclature.testcases.BrowsePageTest@1e67b872]" name="setUp" is-config="true" duration-ms="10755" started-at="2019-08-28T16:58:29Z" finished-at="2019-08-28T16:58:39Z">
          <reporter-output>
          </reporter-output>
        </test-method> <!-- setUp -->
        <test-method status="PASS" signature="browsePageTitle()[pri:1, instance:ca.gc.pch.test.nomenclature.testcases.BrowsePageTest@1e67b872]" name="browsePageTitle" duration-ms="48" started-at="2019-08-28T16:58:39Z" finished-at="2019-08-28T16:58:39Z">
          <reporter-output>
          </reporter-output>
        </test-method> <!-- browsePageTitle -->
        <test-method status="PASS" signature="cleanUp()[pri:0, instance:ca.gc.pch.test.nomenclature.testcases.BrowsePageTest@1e67b872]" name="cleanUp" is-config="true" duration-ms="1068" started-at="2019-08-28T16:58:39Z" finished-at="2019-08-28T16:58:40Z">
          <reporter-output>
          </reporter-output>
        </test-method> <!-- cleanUp -->
        <test-method status="PASS" signature="setUp()[pri:0, instance:ca.gc.pch.test.nomenclature.testcases.BrowsePageTest@1e67b872]" name="setUp" is-config="true" duration-ms="8359" started-at="2019-08-28T16:58:40Z" finished-at="2019-08-28T16:58:49Z">
          <reporter-output>
          </reporter-output>
        </test-method> <!-- setUp -->
        <test-method status="PASS" signature="browsePageDefaultLanguage()[pri:2, instance:ca.gc.pch.test.nomenclature.testcases.BrowsePageTest@1e67b872]" name="browsePageDefaultLanguage" duration-ms="142" started-at="2019-08-28T16:58:49Z" finished-at="2019-08-28T16:58:49Z">
          <reporter-output>
          </reporter-output>
        </test-method> <!-- browsePageDefaultLanguage -->
        <test-method status="PASS" signature="cleanUp()[pri:0, instance:ca.gc.pch.test.nomenclature.testcases.BrowsePageTest@1e67b872]" name="cleanUp" is-config="true" duration-ms="1207" started-at="2019-08-28T16:58:49Z" finished-at="2019-08-28T16:58:50Z">
          <reporter-output>
          </reporter-output>
        </test-method> <!-- cleanUp -->
        <test-method status="PASS" signature="setUp()[pri:0, instance:ca.gc.pch.test.nomenclature.testcases.BrowsePageTest@1e67b872]" name="setUp" is-config="true" duration-ms="8229" started-at="2019-08-28T16:58:50Z" finished-at="2019-08-28T16:58:58Z">
          <reporter-output>
          </reporter-output>
        </test-method> <!-- setUp -->
        <test-method status="PASS" signature="subTreeOrder()[pri:3, instance:ca.gc.pch.test.nomenclature.testcases.BrowsePageTest@1e67b872]" name="subTreeOrder" duration-ms="3144" started-at="2019-08-28T16:58:58Z" finished-at="2019-08-28T16:59:02Z">
          <reporter-output>
          </reporter-output>
        </test-method> <!-- subTreeOrder -->
        <test-method status="PASS" signature="cleanUp()[pri:0, instance:ca.gc.pch.test.nomenclature.testcases.BrowsePageTest@1e67b872]" name="cleanUp" is-config="true" duration-ms="1052" started-at="2019-08-28T16:59:02Z" finished-at="2019-08-28T16:59:03Z">
          <reporter-output>
          </reporter-output>
        </test-method> <!-- cleanUp -->
      </class> <!-- ca.gc.pch.test.nomenclature.testcases.BrowsePageTest -->
    </test> <!-- Command line test -->
  </suite> <!-- ca.gc.pch.test.nomenclature.testcases.BrowsePageTest -->
</testng-results>
