<?xml version="1.0" encoding="UTF-8" ?>
<testsuite tests="3" failures="0" name="ca.gc.pch.test.nomenclature.testcases.BrowsePageTest" time="3.335" errors="0" skipped="0">
  <properties>
[...]
</properties>
  <testcase classname="ca.gc.pch.test.nomenclature.testcases.BrowsePageTest" name="browsePageTitle" time="0.051"/>
  <testcase classname="ca.gc.pch.test.nomenclature.testcases.BrowsePageTest" name="browsePageDefaultLanguage" time="0.14"/>
  <testcase classname="ca.gc.pch.test.nomenclature.testcases.BrowsePageTest" name="subTreeOrder" time="3.144"/>
</testsuite>