<?xml version="1.0" encoding="UTF-8"?>
<!-- Generated by org.testng.reporters.JUnitXMLReporter -->
<testsuite hostname="LH026127" ignored="0" name="Command line test" tests="3" failures="0" timestamp="28 Aug 2019 16:59:03 GMT" time="34.061" errors="0">
  <testcase name="browsePageTitle" time="0.048" classname="ca.gc.pch.test.nomenclature.testcases.BrowsePageTest"/>
  <testcase name="browsePageDefaultLanguage" time="0.142" classname="ca.gc.pch.test.nomenclature.testcases.BrowsePageTest"/>
  <testcase name="subTreeOrder" time="3.144" classname="ca.gc.pch.test.nomenclature.testcases.BrowsePageTest"/>
</testsuite> <!-- Command line test -->
