<?xml version="1.0" encoding="UTF-8"?>
<testng-results ignored="0" total="15" passed="13" failed="2" skipped="0">
  <reporter-output>
  </reporter-output>
  <suite started-at="2019-08-29T17:39:07Z" name="Nomenclature Application Test Automation Test Suite" finished-at="2019-08-29T17:46:32Z" duration-ms="445143">
    <groups>
      <group name="Term Preferences">
        <method signature="BrowsePageTest.termPreferencesTest()[pri:0, instance:ca.gc.pch.test.nomenclature.testcases.BrowsePageTest@2a32de6c]" name="termPreferencesTest" class="ca.gc.pch.test.nomenclature.testcases.BrowsePageTest"/>
      </group> <!-- Term Preferences -->
      <group name="Chair">
        <method signature="BrowsePageTest.chairFRTest()[pri:0, instance:ca.gc.pch.test.nomenclature.testcases.BrowsePageTest@2a32de6c]" name="chairFRTest" class="ca.gc.pch.test.nomenclature.testcases.BrowsePageTest"/>
        <method signature="BrowsePageTest.chairENTest()[pri:0, instance:ca.gc.pch.test.nomenclature.testcases.BrowsePageTest@2a32de6c]" name="chairENTest" class="ca.gc.pch.test.nomenclature.testcases.BrowsePageTest"/>
        <method signature="BrowsePageTest.chairThumbNailTest()[pri:0, instance:ca.gc.pch.test.nomenclature.testcases.BrowsePageTest@2a32de6c]" name="chairThumbNailTest" class="ca.gc.pch.test.nomenclature.testcases.BrowsePageTest"/>
      </group> <!-- Chair -->
      <group name="Links">
        <method signature="BrowsePageTest.browsePageLinksTest()[pri:0, instance:ca.gc.pch.test.nomenclature.testcases.BrowsePageTest@2a32de6c]" name="browsePageLinksTest" class="ca.gc.pch.test.nomenclature.testcases.BrowsePageTest"/>
        <method signature="BrowsePageTest.browsePageFRLinksTest()[pri:0, instance:ca.gc.pch.test.nomenclature.testcases.BrowsePageTest@2a32de6c]" name="browsePageFRLinksTest" class="ca.gc.pch.test.nomenclature.testcases.BrowsePageTest"/>
      </group> <!-- Links -->
      <group name="Title">
        <method signature="BrowsePageTest.browsePageTitleTest()[pri:1, instance:ca.gc.pch.test.nomenclature.testcases.BrowsePageTest@2a32de6c]" name="browsePageTitleTest" class="ca.gc.pch.test.nomenclature.testcases.BrowsePageTest"/>
      </group> <!-- Title -->
      <group name="Language Toggle">
        <method signature="BrowsePageTest.languageToggleFRTest()[pri:0, instance:ca.gc.pch.test.nomenclature.testcases.BrowsePageTest@2a32de6c]" name="languageToggleFRTest" class="ca.gc.pch.test.nomenclature.testcases.BrowsePageTest"/>
        <method signature="BrowsePageTest.languageToggleENTest()[pri:0, instance:ca.gc.pch.test.nomenclature.testcases.BrowsePageTest@2a32de6c]" name="languageToggleENTest" class="ca.gc.pch.test.nomenclature.testcases.BrowsePageTest"/>
      </group> <!-- Language Toggle -->
      <group name="Structure Tree Order">
        <method signature="BrowsePageTest.categoriesOrder()[pri:5, instance:ca.gc.pch.test.nomenclature.testcases.BrowsePageTest@2a32de6c]" name="categoriesOrder" class="ca.gc.pch.test.nomenclature.testcases.BrowsePageTest"/>
        <method signature="BrowsePageTest.subTreeOrder()[pri:6, instance:ca.gc.pch.test.nomenclature.testcases.BrowsePageTest@2a32de6c]" name="subTreeOrder" class="ca.gc.pch.test.nomenclature.testcases.BrowsePageTest"/>
      </group> <!-- Structure Tree Order -->
      <group name="Default Parameter">
        <method signature="BrowsePageTest.browsePageDefaultLanguageTest()[pri:2, instance:ca.gc.pch.test.nomenclature.testcases.BrowsePageTest@2a32de6c]" name="browsePageDefaultLanguageTest" class="ca.gc.pch.test.nomenclature.testcases.BrowsePageTest"/>
        <method signature="BrowsePageTest.browsePageDefaultLinguisticVariantTest()[pri:4, instance:ca.gc.pch.test.nomenclature.testcases.BrowsePageTest@2a32de6c]" name="browsePageDefaultLinguisticVariantTest" class="ca.gc.pch.test.nomenclature.testcases.BrowsePageTest"/>
        <method signature="BrowsePageTest.browsePageDefaultTermOrderTest()[pri:3, instance:ca.gc.pch.test.nomenclature.testcases.BrowsePageTest@2a32de6c]" name="browsePageDefaultTermOrderTest" class="ca.gc.pch.test.nomenclature.testcases.BrowsePageTest"/>
      </group> <!-- Default Parameter -->
      <group name="Sorting">
        <method signature="BrowsePageTest.sortingWithAccentTest()[pri:0, instance:ca.gc.pch.test.nomenclature.testcases.BrowsePageTest@2a32de6c]" name="sortingWithAccentTest" class="ca.gc.pch.test.nomenclature.testcases.BrowsePageTest"/>
      </group> <!-- Sorting -->
    </groups>
    <test started-at="2019-08-29T17:39:07Z" name="Nomenclature App Test Cases" finished-at="2019-08-29T17:46:32Z" duration-ms="445143">
      <class name="ca.gc.pch.test.nomenclature.testcases.BrowsePageTest">
        <test-method is-config="true" signature="setUp()[pri:0, instance:ca.gc.pch.test.nomenclature.testcases.BrowsePageTest@2a32de6c]" started-at="2019-08-29T17:39:07Z" name="setUp" finished-at="2019-08-29T17:39:13Z" duration-ms="5966" status="PASS">
          <reporter-output>
          </reporter-output>
        </test-method> <!-- setUp -->
        <test-method signature="chairFRTest()[pri:0, instance:ca.gc.pch.test.nomenclature.testcases.BrowsePageTest@2a32de6c]" started-at="2019-08-29T17:39:13Z" name="chairFRTest" finished-at="2019-08-29T17:39:17Z" duration-ms="4376" status="PASS">
          <reporter-output>
          </reporter-output>
        </test-method> <!-- chairFRTest -->
        <test-method is-config="true" signature="cleanUp()[pri:0, instance:ca.gc.pch.test.nomenclature.testcases.BrowsePageTest@2a32de6c]" started-at="2019-08-29T17:39:17Z" name="cleanUp" finished-at="2019-08-29T17:39:18Z" duration-ms="949" status="PASS">
          <reporter-output>
          </reporter-output>
        </test-method> <!-- cleanUp -->
        <test-method is-config="true" signature="setUp()[pri:0, instance:ca.gc.pch.test.nomenclature.testcases.BrowsePageTest@2a32de6c]" started-at="2019-08-29T17:39:18Z" name="setUp" finished-at="2019-08-29T17:39:22Z" duration-ms="4173" status="PASS">
          <reporter-output>
          </reporter-output>
        </test-method> <!-- setUp -->
        <test-method signature="languageToggleFRTest()[pri:0, instance:ca.gc.pch.test.nomenclature.testcases.BrowsePageTest@2a32de6c]" started-at="2019-08-29T17:39:22Z" name="languageToggleFRTest" finished-at="2019-08-29T17:39:25Z" duration-ms="2483" status="PASS">
          <reporter-output>
          </reporter-output>
        </test-method> <!-- languageToggleFRTest -->
        <test-method is-config="true" signature="cleanUp()[pri:0, instance:ca.gc.pch.test.nomenclature.testcases.BrowsePageTest@2a32de6c]" started-at="2019-08-29T17:39:25Z" name="cleanUp" finished-at="2019-08-29T17:39:25Z" duration-ms="928" status="PASS">
          <reporter-output>
          </reporter-output>
        </test-method> <!-- cleanUp -->
        <test-method is-config="true" signature="setUp()[pri:0, instance:ca.gc.pch.test.nomenclature.testcases.BrowsePageTest@2a32de6c]" started-at="2019-08-29T17:39:25Z" name="setUp" finished-at="2019-08-29T17:39:30Z" duration-ms="4174" status="PASS">
          <reporter-output>
          </reporter-output>
        </test-method> <!-- setUp -->
        <test-method signature="browsePageFRLinksTest()[pri:0, instance:ca.gc.pch.test.nomenclature.testcases.BrowsePageTest@2a32de6c]" started-at="2019-08-29T17:39:30Z" name="browsePageFRLinksTest" finished-at="2019-08-29T17:42:25Z" duration-ms="175244" status="FAIL">
          <exception class="java.lang.AssertionError">
            <message>
              <![CDATA[ERROR: Found Broken Links expected [false] but found [true]]]>
            </message>
            <full-stacktrace>
              <![CDATA[java.lang.AssertionError: ERROR: Found Broken Links expected [false] but found [true]
at org.testng.Assert.fail(Assert.java:96)
at org.testng.Assert.failNotEquals(Assert.java:776)
at org.testng.Assert.assertFalse(Assert.java:65)
at ca.gc.pch.test.nomenclature.testcases.BrowsePageTest.browsePageFRLinksTest(BrowsePageTest.java:197)
at java.base/jdk.internal.reflect.NativeMethodAccessorImpl.invoke0(Native Method)
at java.base/jdk.internal.reflect.NativeMethodAccessorImpl.invoke(NativeMethodAccessorImpl.java:62)
at java.base/jdk.internal.reflect.DelegatingMethodAccessorImpl.invoke(DelegatingMethodAccessorImpl.java:43)
at java.base/java.lang.reflect.Method.invoke(Method.java:567)
at org.testng.internal.MethodInvocationHelper.invokeMethod(MethodInvocationHelper.java:124)
at org.testng.internal.Invoker.invokeMethod(Invoker.java:583)
at org.testng.internal.Invoker.invokeTestMethod(Invoker.java:719)
at org.testng.internal.Invoker.invokeTestMethods(Invoker.java:989)
at org.testng.internal.TestMethodWorker.invokeTestMethods(TestMethodWorker.java:125)
at org.testng.internal.TestMethodWorker.run(TestMethodWorker.java:109)
at org.testng.TestRunner.privateRun(TestRunner.java:648)
at org.testng.TestRunner.run(TestRunner.java:505)
at org.testng.SuiteRunner.runTest(SuiteRunner.java:455)
at org.testng.SuiteRunner.runSequentially(SuiteRunner.java:450)
at org.testng.SuiteRunner.privateRun(SuiteRunner.java:415)
at org.testng.SuiteRunner.run(SuiteRunner.java:364)
at org.testng.SuiteRunnerWorker.runSuite(SuiteRunnerWorker.java:52)
at org.testng.SuiteRunnerWorker.run(SuiteRunnerWorker.java:84)
at org.testng.TestNG.runSuitesSequentially(TestNG.java:1208)
at org.testng.TestNG.runSuitesLocally(TestNG.java:1137)
at org.testng.TestNG.runSuites(TestNG.java:1049)
at org.testng.TestNG.run(TestNG.java:1017)
at org.testng.remote.AbstractRemoteTestNG.run(AbstractRemoteTestNG.java:115)
at org.testng.remote.RemoteTestNG.initAndRun(RemoteTestNG.java:251)
at org.testng.remote.RemoteTestNG.main(RemoteTestNG.java:77)
]]>
            </full-stacktrace>
          </exception> <!-- java.lang.AssertionError -->
          <reporter-output>
          </reporter-output>
        </test-method> <!-- browsePageFRLinksTest -->
        <test-method is-config="true" signature="cleanUp()[pri:0, instance:ca.gc.pch.test.nomenclature.testcases.BrowsePageTest@2a32de6c]" started-at="2019-08-29T17:42:25Z" name="cleanUp" finished-at="2019-08-29T17:42:26Z" duration-ms="1049" status="PASS">
          <reporter-output>
          </reporter-output>
        </test-method> <!-- cleanUp -->
        <test-method is-config="true" signature="setUp()[pri:0, instance:ca.gc.pch.test.nomenclature.testcases.BrowsePageTest@2a32de6c]" started-at="2019-08-29T17:42:26Z" name="setUp" finished-at="2019-08-29T17:42:30Z" duration-ms="4471" status="PASS">
          <reporter-output>
          </reporter-output>
        </test-method> <!-- setUp -->
        <test-method signature="chairENTest()[pri:0, instance:ca.gc.pch.test.nomenclature.testcases.BrowsePageTest@2a32de6c]" started-at="2019-08-29T17:42:30Z" name="chairENTest" finished-at="2019-08-29T17:42:35Z" duration-ms="4718" status="PASS">
          <reporter-output>
          </reporter-output>
        </test-method> <!-- chairENTest -->
        <test-method is-config="true" signature="cleanUp()[pri:0, instance:ca.gc.pch.test.nomenclature.testcases.BrowsePageTest@2a32de6c]" started-at="2019-08-29T17:42:35Z" name="cleanUp" finished-at="2019-08-29T17:42:36Z" duration-ms="987" status="PASS">
          <reporter-output>
          </reporter-output>
        </test-method> <!-- cleanUp -->
        <test-method is-config="true" signature="setUp()[pri:0, instance:ca.gc.pch.test.nomenclature.testcases.BrowsePageTest@2a32de6c]" started-at="2019-08-29T17:42:36Z" name="setUp" finished-at="2019-08-29T17:42:41Z" duration-ms="4686" status="PASS">
          <reporter-output>
          </reporter-output>
        </test-method> <!-- setUp -->
        <test-method signature="chairThumbNailTest()[pri:0, instance:ca.gc.pch.test.nomenclature.testcases.BrowsePageTest@2a32de6c]" started-at="2019-08-29T17:42:41Z" name="chairThumbNailTest" finished-at="2019-08-29T17:42:45Z" duration-ms="3729" status="PASS">
          <reporter-output>
          </reporter-output>
        </test-method> <!-- chairThumbNailTest -->
        <test-method is-config="true" signature="cleanUp()[pri:0, instance:ca.gc.pch.test.nomenclature.testcases.BrowsePageTest@2a32de6c]" started-at="2019-08-29T17:42:45Z" name="cleanUp" finished-at="2019-08-29T17:42:46Z" duration-ms="1066" status="PASS">
          <reporter-output>
          </reporter-output>
        </test-method> <!-- cleanUp -->
        <test-method is-config="true" signature="setUp()[pri:0, instance:ca.gc.pch.test.nomenclature.testcases.BrowsePageTest@2a32de6c]" started-at="2019-08-29T17:42:46Z" name="setUp" finished-at="2019-08-29T17:42:50Z" duration-ms="4367" status="PASS">
          <reporter-output>
          </reporter-output>
        </test-method> <!-- setUp -->
        <test-method signature="languageToggleENTest()[pri:0, instance:ca.gc.pch.test.nomenclature.testcases.BrowsePageTest@2a32de6c]" started-at="2019-08-29T17:42:50Z" name="languageToggleENTest" finished-at="2019-08-29T17:42:51Z" duration-ms="1301" status="PASS">
          <reporter-output>
          </reporter-output>
        </test-method> <!-- languageToggleENTest -->
        <test-method is-config="true" signature="cleanUp()[pri:0, instance:ca.gc.pch.test.nomenclature.testcases.BrowsePageTest@2a32de6c]" started-at="2019-08-29T17:42:51Z" name="cleanUp" finished-at="2019-08-29T17:42:52Z" duration-ms="1134" status="PASS">
          <reporter-output>
          </reporter-output>
        </test-method> <!-- cleanUp -->
        <test-method is-config="true" signature="setUp()[pri:0, instance:ca.gc.pch.test.nomenclature.testcases.BrowsePageTest@2a32de6c]" started-at="2019-08-29T17:42:52Z" name="setUp" finished-at="2019-08-29T17:42:57Z" duration-ms="4361" status="PASS">
          <reporter-output>
          </reporter-output>
        </test-method> <!-- setUp -->
        <test-method signature="sortingWithAccentTest()[pri:0, instance:ca.gc.pch.test.nomenclature.testcases.BrowsePageTest@2a32de6c]" started-at="2019-08-29T17:42:57Z" name="sortingWithAccentTest" finished-at="2019-08-29T17:43:00Z" duration-ms="3078" status="PASS">
          <reporter-output>
          </reporter-output>
        </test-method> <!-- sortingWithAccentTest -->
        <test-method is-config="true" signature="cleanUp()[pri:0, instance:ca.gc.pch.test.nomenclature.testcases.BrowsePageTest@2a32de6c]" started-at="2019-08-29T17:43:00Z" name="cleanUp" finished-at="2019-08-29T17:43:01Z" duration-ms="928" status="PASS">
          <reporter-output>
          </reporter-output>
        </test-method> <!-- cleanUp -->
        <test-method is-config="true" signature="setUp()[pri:0, instance:ca.gc.pch.test.nomenclature.testcases.BrowsePageTest@2a32de6c]" started-at="2019-08-29T17:43:01Z" name="setUp" finished-at="2019-08-29T17:43:05Z" duration-ms="4423" status="PASS">
          <reporter-output>
          </reporter-output>
        </test-method> <!-- setUp -->
        <test-method signature="termPreferencesTest()[pri:0, instance:ca.gc.pch.test.nomenclature.testcases.BrowsePageTest@2a32de6c]" started-at="2019-08-29T17:43:05Z" name="termPreferencesTest" finished-at="2019-08-29T17:43:05Z" duration-ms="1" status="PASS">
          <reporter-output>
          </reporter-output>
        </test-method> <!-- termPreferencesTest -->
        <test-method is-config="true" signature="cleanUp()[pri:0, instance:ca.gc.pch.test.nomenclature.testcases.BrowsePageTest@2a32de6c]" started-at="2019-08-29T17:43:05Z" name="cleanUp" finished-at="2019-08-29T17:43:06Z" duration-ms="1217" status="PASS">
          <reporter-output>
          </reporter-output>
        </test-method> <!-- cleanUp -->
        <test-method is-config="true" signature="setUp()[pri:0, instance:ca.gc.pch.test.nomenclature.testcases.BrowsePageTest@2a32de6c]" started-at="2019-08-29T17:43:06Z" name="setUp" finished-at="2019-08-29T17:43:11Z" duration-ms="4751" status="PASS">
          <reporter-output>
          </reporter-output>
        </test-method> <!-- setUp -->
        <test-method signature="browsePageLinksTest()[pri:0, instance:ca.gc.pch.test.nomenclature.testcases.BrowsePageTest@2a32de6c]" started-at="2019-08-29T17:43:11Z" name="browsePageLinksTest" finished-at="2019-08-29T17:45:54Z" depends-on-methods="ca.gc.pch.test.nomenclature.testcases.BrowsePageTest.languageToggleFRTest" duration-ms="162862" status="FAIL">
          <exception class="java.lang.AssertionError">
            <message>
              <![CDATA[ERROR: Found Broken Links expected [false] but found [true]]]>
            </message>
            <full-stacktrace>
              <![CDATA[java.lang.AssertionError: ERROR: Found Broken Links expected [false] but found [true]
at org.testng.Assert.fail(Assert.java:96)
at org.testng.Assert.failNotEquals(Assert.java:776)
at org.testng.Assert.assertFalse(Assert.java:65)
at ca.gc.pch.test.nomenclature.testcases.BrowsePageTest.browsePageLinksTest(BrowsePageTest.java:188)
at java.base/jdk.internal.reflect.NativeMethodAccessorImpl.invoke0(Native Method)
at java.base/jdk.internal.reflect.NativeMethodAccessorImpl.invoke(NativeMethodAccessorImpl.java:62)
at java.base/jdk.internal.reflect.DelegatingMethodAccessorImpl.invoke(DelegatingMethodAccessorImpl.java:43)
at java.base/java.lang.reflect.Method.invoke(Method.java:567)
at org.testng.internal.MethodInvocationHelper.invokeMethod(MethodInvocationHelper.java:124)
at org.testng.internal.Invoker.invokeMethod(Invoker.java:583)
at org.testng.internal.Invoker.invokeTestMethod(Invoker.java:719)
at org.testng.internal.Invoker.invokeTestMethods(Invoker.java:989)
at org.testng.internal.TestMethodWorker.invokeTestMethods(TestMethodWorker.java:125)
at org.testng.internal.TestMethodWorker.run(TestMethodWorker.java:109)
at org.testng.TestRunner.privateRun(TestRunner.java:648)
at org.testng.TestRunner.run(TestRunner.java:505)
at org.testng.SuiteRunner.runTest(SuiteRunner.java:455)
at org.testng.SuiteRunner.runSequentially(SuiteRunner.java:450)
at org.testng.SuiteRunner.privateRun(SuiteRunner.java:415)
at org.testng.SuiteRunner.run(SuiteRunner.java:364)
at org.testng.SuiteRunnerWorker.runSuite(SuiteRunnerWorker.java:52)
at org.testng.SuiteRunnerWorker.run(SuiteRunnerWorker.java:84)
at org.testng.TestNG.runSuitesSequentially(TestNG.java:1208)
at org.testng.TestNG.runSuitesLocally(TestNG.java:1137)
at org.testng.TestNG.runSuites(TestNG.java:1049)
at org.testng.TestNG.run(TestNG.java:1017)
at org.testng.remote.AbstractRemoteTestNG.run(AbstractRemoteTestNG.java:115)
at org.testng.remote.RemoteTestNG.initAndRun(RemoteTestNG.java:251)
at org.testng.remote.RemoteTestNG.main(RemoteTestNG.java:77)
]]>
            </full-stacktrace>
          </exception> <!-- java.lang.AssertionError -->
          <reporter-output>
          </reporter-output>
        </test-method> <!-- browsePageLinksTest -->
        <test-method is-config="true" signature="cleanUp()[pri:0, instance:ca.gc.pch.test.nomenclature.testcases.BrowsePageTest@2a32de6c]" started-at="2019-08-29T17:45:54Z" name="cleanUp" finished-at="2019-08-29T17:45:55Z" duration-ms="1286" status="PASS">
          <reporter-output>
          </reporter-output>
        </test-method> <!-- cleanUp -->
        <test-method is-config="true" signature="setUp()[pri:0, instance:ca.gc.pch.test.nomenclature.testcases.BrowsePageTest@2a32de6c]" started-at="2019-08-29T17:45:55Z" name="setUp" finished-at="2019-08-29T17:46:00Z" duration-ms="4895" status="PASS">
          <reporter-output>
          </reporter-output>
        </test-method> <!-- setUp -->
        <test-method signature="browsePageTitleTest()[pri:1, instance:ca.gc.pch.test.nomenclature.testcases.BrowsePageTest@2a32de6c]" started-at="2019-08-29T17:46:00Z" name="browsePageTitleTest" finished-at="2019-08-29T17:46:00Z" duration-ms="11" status="PASS">
          <reporter-output>
          </reporter-output>
        </test-method> <!-- browsePageTitleTest -->
        <test-method is-config="true" signature="cleanUp()[pri:0, instance:ca.gc.pch.test.nomenclature.testcases.BrowsePageTest@2a32de6c]" started-at="2019-08-29T17:46:00Z" name="cleanUp" finished-at="2019-08-29T17:46:01Z" duration-ms="944" status="PASS">
          <reporter-output>
          </reporter-output>
        </test-method> <!-- cleanUp -->
        <test-method is-config="true" signature="setUp()[pri:0, instance:ca.gc.pch.test.nomenclature.testcases.BrowsePageTest@2a32de6c]" started-at="2019-08-29T17:46:01Z" name="setUp" finished-at="2019-08-29T17:46:05Z" duration-ms="4343" status="PASS">
          <reporter-output>
          </reporter-output>
        </test-method> <!-- setUp -->
        <test-method signature="browsePageDefaultLanguageTest()[pri:2, instance:ca.gc.pch.test.nomenclature.testcases.BrowsePageTest@2a32de6c]" started-at="2019-08-29T17:46:05Z" name="browsePageDefaultLanguageTest" finished-at="2019-08-29T17:46:06Z" duration-ms="67" status="PASS">
          <reporter-output>
          </reporter-output>
        </test-method> <!-- browsePageDefaultLanguageTest -->
        <test-method is-config="true" signature="cleanUp()[pri:0, instance:ca.gc.pch.test.nomenclature.testcases.BrowsePageTest@2a32de6c]" started-at="2019-08-29T17:46:06Z" name="cleanUp" finished-at="2019-08-29T17:46:07Z" duration-ms="1014" status="PASS">
          <reporter-output>
          </reporter-output>
        </test-method> <!-- cleanUp -->
        <test-method is-config="true" signature="setUp()[pri:0, instance:ca.gc.pch.test.nomenclature.testcases.BrowsePageTest@2a32de6c]" started-at="2019-08-29T17:46:07Z" name="setUp" finished-at="2019-08-29T17:46:11Z" duration-ms="4282" status="PASS">
          <reporter-output>
          </reporter-output>
        </test-method> <!-- setUp -->
        <test-method signature="browsePageDefaultTermOrderTest()[pri:3, instance:ca.gc.pch.test.nomenclature.testcases.BrowsePageTest@2a32de6c]" started-at="2019-08-29T17:46:11Z" name="browsePageDefaultTermOrderTest" finished-at="2019-08-29T17:46:11Z" depends-on-methods="ca.gc.pch.test.nomenclature.testcases.BrowsePageTest.browsePageDefaultLanguageTest" duration-ms="68" status="PASS">
          <reporter-output>
          </reporter-output>
        </test-method> <!-- browsePageDefaultTermOrderTest -->
        <test-method is-config="true" signature="cleanUp()[pri:0, instance:ca.gc.pch.test.nomenclature.testcases.BrowsePageTest@2a32de6c]" started-at="2019-08-29T17:46:11Z" name="cleanUp" finished-at="2019-08-29T17:46:12Z" duration-ms="1126" status="PASS">
          <reporter-output>
          </reporter-output>
        </test-method> <!-- cleanUp -->
        <test-method is-config="true" signature="setUp()[pri:0, instance:ca.gc.pch.test.nomenclature.testcases.BrowsePageTest@2a32de6c]" started-at="2019-08-29T17:46:12Z" name="setUp" finished-at="2019-08-29T17:46:16Z" duration-ms="4102" status="PASS">
          <reporter-output>
          </reporter-output>
        </test-method> <!-- setUp -->
        <test-method signature="browsePageDefaultLinguisticVariantTest()[pri:4, instance:ca.gc.pch.test.nomenclature.testcases.BrowsePageTest@2a32de6c]" started-at="2019-08-29T17:46:16Z" name="browsePageDefaultLinguisticVariantTest" finished-at="2019-08-29T17:46:16Z" depends-on-methods="ca.gc.pch.test.nomenclature.testcases.BrowsePageTest.browsePageDefaultLanguageTest" duration-ms="55" status="PASS">
          <reporter-output>
          </reporter-output>
        </test-method> <!-- browsePageDefaultLinguisticVariantTest -->
        <test-method is-config="true" signature="cleanUp()[pri:0, instance:ca.gc.pch.test.nomenclature.testcases.BrowsePageTest@2a32de6c]" started-at="2019-08-29T17:46:16Z" name="cleanUp" finished-at="2019-08-29T17:46:17Z" duration-ms="885" status="PASS">
          <reporter-output>
          </reporter-output>
        </test-method> <!-- cleanUp -->
        <test-method is-config="true" signature="setUp()[pri:0, instance:ca.gc.pch.test.nomenclature.testcases.BrowsePageTest@2a32de6c]" started-at="2019-08-29T17:46:17Z" name="setUp" finished-at="2019-08-29T17:46:22Z" duration-ms="5143" status="PASS">
          <reporter-output>
          </reporter-output>
        </test-method> <!-- setUp -->
        <test-method signature="categoriesOrder()[pri:5, instance:ca.gc.pch.test.nomenclature.testcases.BrowsePageTest@2a32de6c]" started-at="2019-08-29T17:46:22Z" name="categoriesOrder" finished-at="2019-08-29T17:46:23Z" duration-ms="389" status="PASS">
          <reporter-output>
          </reporter-output>
        </test-method> <!-- categoriesOrder -->
        <test-method is-config="true" signature="cleanUp()[pri:0, instance:ca.gc.pch.test.nomenclature.testcases.BrowsePageTest@2a32de6c]" started-at="2019-08-29T17:46:23Z" name="cleanUp" finished-at="2019-08-29T17:46:24Z" duration-ms="964" status="PASS">
          <reporter-output>
          </reporter-output>
        </test-method> <!-- cleanUp -->
        <test-method is-config="true" signature="setUp()[pri:0, instance:ca.gc.pch.test.nomenclature.testcases.BrowsePageTest@2a32de6c]" started-at="2019-08-29T17:46:24Z" name="setUp" finished-at="2019-08-29T17:46:28Z" duration-ms="4525" status="PASS">
          <reporter-output>
          </reporter-output>
        </test-method> <!-- setUp -->
        <test-method signature="subTreeOrder()[pri:6, instance:ca.gc.pch.test.nomenclature.testcases.BrowsePageTest@2a32de6c]" started-at="2019-08-29T17:46:28Z" name="subTreeOrder" finished-at="2019-08-29T17:46:31Z" duration-ms="2606" status="PASS">
          <reporter-output>
          </reporter-output>
        </test-method> <!-- subTreeOrder -->
        <test-method is-config="true" signature="cleanUp()[pri:0, instance:ca.gc.pch.test.nomenclature.testcases.BrowsePageTest@2a32de6c]" started-at="2019-08-29T17:46:31Z" name="cleanUp" finished-at="2019-08-29T17:46:32Z" duration-ms="940" status="PASS">
          <reporter-output>
          </reporter-output>
        </test-method> <!-- cleanUp -->
      </class> <!-- ca.gc.pch.test.nomenclature.testcases.BrowsePageTest -->
    </test> <!-- Nomenclature App Test Cases -->
  </suite> <!-- Nomenclature Application Test Automation Test Suite -->
</testng-results>
