<?xml version="1.0" encoding="UTF-8"?>
<testng-results ignored="0" total="3" passed="3" failed="0" skipped="0">
  <reporter-output>
  </reporter-output>
  <suite started-at="2019-08-27T17:26:05Z" name="Nomenclature Application Test Automation Test Suite" finished-at="2019-08-27T17:26:39Z" duration-ms="33993">
    <groups>
    </groups>
    <test started-at="2019-08-27T17:26:05Z" name="Nomenclature App Test Cases" finished-at="2019-08-27T17:26:39Z" duration-ms="33993">
      <class name="ca.gc.pch.test.nomenclature.testcases.BrowsePageTest">
        <test-method is-config="true" signature="setUp()[pri:0, instance:ca.gc.pch.test.nomenclature.testcases.BrowsePageTest@10db82ae]" started-at="2019-08-27T17:26:05Z" name="setUp" finished-at="2019-08-27T17:26:20Z" duration-ms="14740" status="PASS">
          <reporter-output>
          </reporter-output>
        </test-method> <!-- setUp -->
        <test-method signature="browsePageTitle()[pri:1, instance:ca.gc.pch.test.nomenclature.testcases.BrowsePageTest@10db82ae]" started-at="2019-08-27T17:26:20Z" name="browsePageTitle" finished-at="2019-08-27T17:26:20Z" duration-ms="121" status="PASS">
          <reporter-output>
          </reporter-output>
        </test-method> <!-- browsePageTitle -->
        <test-method is-config="true" signature="cleanUp()[pri:0, instance:ca.gc.pch.test.nomenclature.testcases.BrowsePageTest@10db82ae]" started-at="2019-08-27T17:26:20Z" name="cleanUp" finished-at="2019-08-27T17:26:21Z" duration-ms="1232" status="PASS">
          <reporter-output>
          </reporter-output>
        </test-method> <!-- cleanUp -->
        <test-method is-config="true" signature="setUp()[pri:0, instance:ca.gc.pch.test.nomenclature.testcases.BrowsePageTest@10db82ae]" started-at="2019-08-27T17:26:21Z" name="setUp" finished-at="2019-08-27T17:26:28Z" duration-ms="6545" status="PASS">
          <reporter-output>
          </reporter-output>
        </test-method> <!-- setUp -->
        <test-method signature="browsePageDefaultLanguage()[pri:2, instance:ca.gc.pch.test.nomenclature.testcases.BrowsePageTest@10db82ae]" started-at="2019-08-27T17:26:28Z" name="browsePageDefaultLanguage" finished-at="2019-08-27T17:26:28Z" duration-ms="97" status="PASS">
          <reporter-output>
          </reporter-output>
        </test-method> <!-- browsePageDefaultLanguage -->
        <test-method is-config="true" signature="cleanUp()[pri:0, instance:ca.gc.pch.test.nomenclature.testcases.BrowsePageTest@10db82ae]" started-at="2019-08-27T17:26:28Z" name="cleanUp" finished-at="2019-08-27T17:26:29Z" duration-ms="1001" status="PASS">
          <reporter-output>
          </reporter-output>
        </test-method> <!-- cleanUp -->
        <test-method is-config="true" signature="setUp()[pri:0, instance:ca.gc.pch.test.nomenclature.testcases.BrowsePageTest@10db82ae]" started-at="2019-08-27T17:26:29Z" name="setUp" finished-at="2019-08-27T17:26:35Z" duration-ms="5809" status="PASS">
          <reporter-output>
          </reporter-output>
        </test-method> <!-- setUp -->
        <test-method signature="subTreeOrder()[pri:3, instance:ca.gc.pch.test.nomenclature.testcases.BrowsePageTest@10db82ae]" started-at="2019-08-27T17:26:35Z" name="subTreeOrder" finished-at="2019-08-27T17:26:38Z" duration-ms="3208" status="PASS">
          <reporter-output>
          </reporter-output>
        </test-method> <!-- subTreeOrder -->
        <test-method is-config="true" signature="cleanUp()[pri:0, instance:ca.gc.pch.test.nomenclature.testcases.BrowsePageTest@10db82ae]" started-at="2019-08-27T17:26:38Z" name="cleanUp" finished-at="2019-08-27T17:26:39Z" duration-ms="1190" status="PASS">
          <reporter-output>
          </reporter-output>
        </test-method> <!-- cleanUp -->
      </class> <!-- ca.gc.pch.test.nomenclature.testcases.BrowsePageTest -->
    </test> <!-- Nomenclature App Test Cases -->
  </suite> <!-- Nomenclature Application Test Automation Test Suite -->
</testng-results>
